Determining if the pthread_create exist failed with the following output:
Change Dir: /home/daniel/ros/catkin_ws_2/build/CMakeFiles/CMakeTmp

Run Build Command:"/usr/bin/make" "cmTC_142f3/fast"
/usr/bin/make -f CMakeFiles/cmTC_142f3.dir/build.make CMakeFiles/cmTC_142f3.dir/build
make[1]: Entering directory '/home/daniel/ros/catkin_ws_2/build/CMakeFiles/CMakeTmp'
Building C object CMakeFiles/cmTC_142f3.dir/CheckSymbolExists.c.o
/usr/bin/cc    -o CMakeFiles/cmTC_142f3.dir/CheckSymbolExists.c.o   -c /home/daniel/ros/catkin_ws_2/build/CMakeFiles/CMakeTmp/CheckSymbolExists.c
Linking C executable cmTC_142f3
/usr/bin/cmake -E cmake_link_script CMakeFiles/cmTC_142f3.dir/link.txt --verbose=1
/usr/bin/cc      -rdynamic CMakeFiles/cmTC_142f3.dir/CheckSymbolExists.c.o  -o cmTC_142f3 
CMakeFiles/cmTC_142f3.dir/CheckSymbolExists.c.o: In function `main':
CheckSymbolExists.c:(.text+0x1b): undefined reference to `pthread_create'
collect2: error: ld returned 1 exit status
CMakeFiles/cmTC_142f3.dir/build.make:97: recipe for target 'cmTC_142f3' failed
make[1]: *** [cmTC_142f3] Error 1
make[1]: Leaving directory '/home/daniel/ros/catkin_ws_2/build/CMakeFiles/CMakeTmp'
Makefile:126: recipe for target 'cmTC_142f3/fast' failed
make: *** [cmTC_142f3/fast] Error 2

File /home/daniel/ros/catkin_ws_2/build/CMakeFiles/CMakeTmp/CheckSymbolExists.c:
/* */
#include <pthread.h>

int main(int argc, char** argv)
{
  (void)argv;
#ifndef pthread_create
  return ((int*)(&pthread_create))[argc];
#else
  (void)argc;
  return 0;
#endif
}

Determining if the function pthread_create exists in the pthreads failed with the following output:
Change Dir: /home/daniel/ros/catkin_ws_2/build/CMakeFiles/CMakeTmp

Run Build Command:"/usr/bin/make" "cmTC_267e4/fast"
/usr/bin/make -f CMakeFiles/cmTC_267e4.dir/build.make CMakeFiles/cmTC_267e4.dir/build
make[1]: Entering directory '/home/daniel/ros/catkin_ws_2/build/CMakeFiles/CMakeTmp'
Building C object CMakeFiles/cmTC_267e4.dir/CheckFunctionExists.c.o
/usr/bin/cc   -DCHECK_FUNCTION_EXISTS=pthread_create   -o CMakeFiles/cmTC_267e4.dir/CheckFunctionExists.c.o   -c /usr/share/cmake-3.10/Modules/CheckFunctionExists.c
Linking C executable cmTC_267e4
/usr/bin/cmake -E cmake_link_script CMakeFiles/cmTC_267e4.dir/link.txt --verbose=1
/usr/bin/cc  -DCHECK_FUNCTION_EXISTS=pthread_create    -rdynamic CMakeFiles/cmTC_267e4.dir/CheckFunctionExists.c.o  -o cmTC_267e4 -lpthreads 
/usr/bin/ld: cannot find -lpthreads
collect2: error: ld returned 1 exit status
CMakeFiles/cmTC_267e4.dir/build.make:97: recipe for target 'cmTC_267e4' failed
make[1]: *** [cmTC_267e4] Error 1
make[1]: Leaving directory '/home/daniel/ros/catkin_ws_2/build/CMakeFiles/CMakeTmp'
Makefile:126: recipe for target 'cmTC_267e4/fast' failed
make: *** [cmTC_267e4/fast] Error 2


